<?xml version="1.0" encoding="UTF-8"?>
<!-- Generated by org.testng.reporters.JUnitXMLReporter -->
<testsuite hostname="LAPTOP-K2PEJEQT" failures="0" tests="4" name="Default test" time="151.51" errors="0" timestamp="21 Oct 2021 09:45:26 GMT">
  <testcase classname="Academy.AdminHomePage" name="addingUser" time="29.749"/>
  <testcase classname="Academy.AdminHomePage" name="createCourse" time="63.815"/>
  <testcase classname="Academy.AdminHomePage" name="deleteUser" time="28.59"/>
  <testcase classname="Academy.AdminHomePage" name="downloadReport" time="29.334"/>
</testsuite> <!-- Default test -->
