<?xml version="1.0" encoding="UTF-8"?>
<!-- Generated by org.testng.reporters.JUnitXMLReporter -->
<testsuite hostname="LAPTOP-K2PEJEQT" failures="0" tests="7" name="Default test" time="312.582" errors="0" timestamp="19 Oct 2021 17:30:13 GMT">
  <testcase classname="Academy.StudentHomePage" name="CourseCertificate" time="46.484"/>
  <testcase classname="Academy.StudentHomePage" name="CourseEnroll" time="52.754"/>
  <testcase classname="Academy.StudentHomePage" name="StudentQuiz" time="51.499"/>
  <testcase classname="Academy.StudentHomePage" name="UserProfile" time="44.438"/>
  <testcase classname="Academy.StudentHomePage" name="badge_survey" time="53.227"/>
  <testcase classname="Academy.StudentHomePage" name="invalidLogin" time="26.232"/>
  <testcase classname="Academy.StudentHomePage" name="validStudentuserlogin" time="37.923"/>
</testsuite> <!-- Default test -->
