<?xml version="1.0" encoding="UTF-8"?>
<!-- Generated by org.testng.reporters.JUnitXMLReporter -->
<testsuite hostname="LAPTOP-K2PEJEQT" failures="0" tests="11" name="Test" time="455.731" errors="0" timestamp="19 Oct 2021 17:38:15 GMT">
  <testcase classname="Academy.StudentHomePage" name="CourseCertificate" time="57.106"/>
  <testcase classname="Academy.StudentHomePage" name="CourseEnroll" time="41.536"/>
  <testcase classname="Academy.StudentHomePage" name="StudentQuiz" time="41.925"/>
  <testcase classname="Academy.StudentHomePage" name="UserProfile" time="45.962"/>
  <testcase classname="Academy.StudentHomePage" name="badge_survey" time="47.19"/>
  <testcase classname="Academy.StudentHomePage" name="invalidLogin" time="20.024"/>
  <testcase classname="Academy.StudentHomePage" name="validStudentuserlogin" time="30.772"/>
  <testcase classname="Academy.AdminHomePage" name="addingUser" time="34.86"/>
  <testcase classname="Academy.AdminHomePage" name="createCourse" time="73.366"/>
  <testcase classname="Academy.AdminHomePage" name="deleteUser" time="31.82"/>
  <testcase classname="Academy.AdminHomePage" name="downloadReport" time="31.124"/>
</testsuite> <!-- Test -->
