<?xml version="1.0" encoding="UTF-8"?>
<testng-results total="2" passed="2" failed="0" skipped="0">
  <reporter-output>
  </reporter-output>
  <suite started-at="2021-10-21T11:25:46Z" name="Suite" finished-at="2021-10-21T11:35:24Z" duration-ms="578173">
    <groups>
    </groups>
    <test started-at="2021-10-21T11:25:46Z" name="Test" finished-at="2021-10-21T11:35:24Z" duration-ms="578173">
      <class name="Academy.AdminUser">
        <test-method signature="AdminPage()[pri:0, instance:Academy.AdminUser@3c77d488]" started-at="2021-10-21T16:55:46Z" name="AdminPage" finished-at="2021-10-21T16:59:19Z" duration-ms="212692" status="PASS">
          <reporter-output>
          </reporter-output>
        </test-method> <!-- AdminPage -->
      </class> <!-- Academy.AdminUser -->
      <class name="Academy.StudentUser">
        <test-method signature="StudentPage()[pri:0, instance:Academy.StudentUser@45099dd3]" started-at="2021-10-21T16:59:19Z" name="StudentPage" finished-at="2021-10-21T17:05:24Z" duration-ms="365466" status="PASS">
          <reporter-output>
          </reporter-output>
        </test-method> <!-- StudentPage -->
      </class> <!-- Academy.StudentUser -->
    </test> <!-- Test -->
  </suite> <!-- Suite -->
</testng-results>
